<?xml version="1.0" encoding="UTF-8"?>
<testsuite xmlns:xsi="http://www.w3.org/2001/XMLSchema-instance" xsi:schemaLocation="https://maven.apache.org/surefire/maven-surefire-plugin/xsd/surefire-test-report.xsd" name="runnerPackage.RunnerTest" time="6.565" tests="17" errors="2" skipped="13" failures="0">
  <properties>
[...]
</properties>
  <testcase name="Given Check LandingPage is open" classname="Scenario: Title of your scenario" time="0.001"/>
  <testcase name="And Toggle Search Manifest is open" classname="Scenario: Title of your scenario" time="0"/>
  <testcase name="And I Select SCAC Manifest" classname="Scenario: Title of your scenario" time="0.005">
    <error type="java.lang.ExceptionInInitializerError">java.lang.ExceptionInInitializerError
Caused by: org.openqa.selenium.NoSuchElementException: 
no such element: Unable to locate element: {"method":"xpath","selector":"//label[contains (text(), 'SCAC Manifest')]/preceding::select"}
  (Session info: chrome=71.0.3578.98)
  (Driver info: chromedriver=2.45.615291 (ec3682e3c9061c10f26ea9e5cdcf3c53f3f74387),platform=Windows NT 10.0.17134 x86_64) (WARNING: The server did not provide any stacktrace information)
Command duration or timeout: 0 milliseconds
For documentation on this error, please visit: http://seleniumhq.org/exceptions/no_such_element.html
Build info: version: '3.14.0', revision: 'aacccce0', time: '2018-08-02T20:19:58.91Z'
System info: host: 'DESKTOP-QV51M3L', ip: '10.0.75.1', os.name: 'Windows 10', os.arch: 'amd64', os.version: '10.0', java.version: '1.8.0_171'
Driver info: org.openqa.selenium.chrome.ChromeDriver
Capabilities {acceptInsecureCerts: false, acceptSslCerts: false, applicationCacheEnabled: false, browserConnectionEnabled: false, browserName: chrome, chrome: {chromedriverVersion: 2.45.615291 (ec3682e3c9061c..., userDataDir: C:\Users\UNCLEA~1\AppData\L...}, cssSelectorsEnabled: true, databaseEnabled: false, goog:chromeOptions: {debuggerAddress: localhost:63447}, handlesAlerts: true, hasTouchScreen: false, javascriptEnabled: true, locationContextEnabled: true, mobileEmulationEnabled: false, nativeEvents: true, networkConnectionEnabled: false, pageLoadStrategy: normal, platform: XP, platformName: XP, proxy: Proxy(), rotatable: false, setWindowRect: true, strictFileInteractability: false, takesHeapSnapshot: true, takesScreenshot: true, timeouts: {implicit: 0, pageLoad: 300000, script: 30000}, unexpectedAlertBehaviour: ignore, unhandledPromptBehavior: ignore, version: 71.0.3578.98, webStorageEnabled: true}
Session ID: 8a06b12c75461a00410f1a8588dc7357
*** Element info: {Using=xpath, value=//label[contains (text(), 'SCAC Manifest')]/preceding::select}
</error>
  </testcase>
  <testcase name="Scenario: Title of your scenario" classname="Scenario: Title of your scenario" time="0.006">
    <error type="java.lang.ExceptionInInitializerError">java.lang.ExceptionInInitializerError
Caused by: org.openqa.selenium.NoSuchElementException: 
no such element: Unable to locate element: {"method":"xpath","selector":"//label[contains (text(), 'SCAC Manifest')]/preceding::select"}
  (Session info: chrome=71.0.3578.98)
  (Driver info: chromedriver=2.45.615291 (ec3682e3c9061c10f26ea9e5cdcf3c53f3f74387),platform=Windows NT 10.0.17134 x86_64) (WARNING: The server did not provide any stacktrace information)
Command duration or timeout: 0 milliseconds
For documentation on this error, please visit: http://seleniumhq.org/exceptions/no_such_element.html
Build info: version: '3.14.0', revision: 'aacccce0', time: '2018-08-02T20:19:58.91Z'
System info: host: 'DESKTOP-QV51M3L', ip: '10.0.75.1', os.name: 'Windows 10', os.arch: 'amd64', os.version: '10.0', java.version: '1.8.0_171'
Driver info: org.openqa.selenium.chrome.ChromeDriver
Capabilities {acceptInsecureCerts: false, acceptSslCerts: false, applicationCacheEnabled: false, browserConnectionEnabled: false, browserName: chrome, chrome: {chromedriverVersion: 2.45.615291 (ec3682e3c9061c..., userDataDir: C:\Users\UNCLEA~1\AppData\L...}, cssSelectorsEnabled: true, databaseEnabled: false, goog:chromeOptions: {debuggerAddress: localhost:63447}, handlesAlerts: true, hasTouchScreen: false, javascriptEnabled: true, locationContextEnabled: true, mobileEmulationEnabled: false, nativeEvents: true, networkConnectionEnabled: false, pageLoadStrategy: normal, platform: XP, platformName: XP, proxy: Proxy(), rotatable: false, setWindowRect: true, strictFileInteractability: false, takesHeapSnapshot: true, takesScreenshot: true, timeouts: {implicit: 0, pageLoad: 300000, script: 30000}, unexpectedAlertBehaviour: ignore, unhandledPromptBehavior: ignore, version: 71.0.3578.98, webStorageEnabled: true}
Session ID: 8a06b12c75461a00410f1a8588dc7357
*** Element info: {Using=xpath, value=//label[contains (text(), 'SCAC Manifest')]/preceding::select}
</error>
  </testcase>
  <testcase name="And Enter Manifest Number" classname="Scenario: Title of your scenario" time="0">
    <skipped/>
  </testcase>
  <testcase name="And I Select Trip Status" classname="Scenario: Title of your scenario" time="0">
    <skipped/>
  </testcase>
  <testcase name="And I Select Filing Status" classname="Scenario: Title of your scenario" time="0">
    <skipped/>
  </testcase>
  <testcase name="Then Enter Port of Arrival" classname="Scenario: Title of your scenario" time="0">
    <skipped/>
  </testcase>
  <testcase name="And I click on Manifested button" classname="Scenario: Title of your scenario" time="0">
    <skipped/>
  </testcase>
  <testcase name="And I Enter First Name" classname="Scenario: Title of your scenario" time="0">
    <skipped/>
  </testcase>
  <testcase name="And I Enter Last Name" classname="Scenario: Title of your scenario" time="0">
    <skipped/>
  </testcase>
  <testcase name="And I Enter Fast Number" classname="Scenario: Title of your scenario" time="0">
    <skipped/>
  </testcase>
  <testcase name="And i enter Vehicle Number" classname="Scenario: Title of your scenario" time="0">
    <skipped/>
  </testcase>
  <testcase name="And I Enter From Date" classname="Scenario: Title of your scenario" time="0">
    <skipped/>
  </testcase>
  <testcase name="And I Enter To Date" classname="Scenario: Title of your scenario" time="0">
    <skipped/>
  </testcase>
  <testcase name="And I Click Manifested" classname="Scenario: Title of your scenario" time="0">
    <skipped/>
  </testcase>
  <testcase name="Then I click Search Manifests" classname="Scenario: Title of your scenario" time="0">
    <skipped/>
  </testcase>
</testsuite>